<?xml version="1.0" encoding="UTF-8"?>
<!-- Generated by org.testng.reporters.JUnitReportReporter -->
<testsuite hostname="DESKTOP-BMCKHBA" failures="0" tests="1" name="TestOne" time="0.006" errors="0" timestamp="2023-11-21T14:44:32 EET" skipped="0">
  <testcase classname="TestOne" name="doit" time="0.006"/>
</testsuite> <!-- TestOne -->
